<?xml version="1.0" encoding="UTF-8"?>
<Site BuildName="(empty)"
	BuildStamp="20230616-1655-Experimental"
	Name="yumjunstar"
	Generator="ctest-3.26.3"
	CompilerName="/usr/bin/c++"
	CompilerVersion="9.4.0"
	OSName="Linux"
	Hostname="yumjunstar"
	OSRelease="5.15.0-73-generic"
	OSVersion="#80~20.04.1-Ubuntu SMP Wed May 17 14:58:14 UTC 2023"
	OSPlatform="x86_64"
	Is64Bits="1"
	VendorString="GenuineIntel"
	VendorID="Intel Corporation"
	FamilyID="6"
	ModelID="142"
	ProcessorCacheSize="8192"
	NumberOfLogicalCPU="8"
	NumberOfPhysicalCPU="4"
	TotalVirtualMemory="30516"
	TotalPhysicalMemory="15774"
	LogicalProcessorsPerPhysical="2"
	ProcessorClockFrequency="2530.75"
	>
	<Testing>
		<StartDateTime>Jun 17 02:17 KST</StartDateTime>
		<StartTestTime>1686935878</StartTestTime>
		<TestList/>
		<EndDateTime>Jun 17 02:17 KST</EndDateTime>
		<EndTestTime>1686935878</EndTestTime>
		<ElapsedMinutes>0</ElapsedMinutes>
	</Testing>
</Site>
