[ 50%] [32mBuilding CXX object CMakeFiles/keyboard_publisher.dir/src/keyboard_control.cpp.o[0m
[01m[K/home/yumjunstar/Desktop/YJW/RoboticsProgram/Project/LostChildProject-ROS2_SLAM_Toolbox-Yolov8/src/keyboard_control/src/keyboard_control.cpp:[m[K In constructor â€˜[01m[KKeyboardPublisher::KeyboardPublisher()[m[Kâ€™:
[01m[K/home/yumjunstar/Desktop/YJW/RoboticsProgram/Project/LostChildProject-ROS2_SLAM_Toolbox-Yolov8/src/keyboard_control/src/keyboard_control.cpp:18:60:[m[K [01;31m[Kerror: [m[Kâ€˜[01m[KMinimalPublisher[m[Kâ€™ has not been declared
   18 |         timer_ = this->create_wall_timer(500ms, std::bind(&[01;31m[KMinimalPublisher[m[K::timer_callback, this));
      |                                                            [01;31m[K^~~~~~~~~~~~~~~~[m[K
[01m[K/home/yumjunstar/Desktop/YJW/RoboticsProgram/Project/LostChildProject-ROS2_SLAM_Toolbox-Yolov8/src/keyboard_control/src/keyboard_control.cpp:[m[K In function â€˜[01m[Kint main(int, char**)[m[Kâ€™:
[01m[K/home/yumjunstar/Desktop/YJW/RoboticsProgram/Project/LostChildProject-ROS2_SLAM_Toolbox-Yolov8/src/keyboard_control/src/keyboard_control.cpp:39:23:[m[K [01;31m[Kerror: [m[Kâ€˜[01m[Kmake_shard[m[Kâ€™ is not a member of â€˜[01m[Kstd[m[Kâ€™; did you mean â€˜[01m[Kmake_shared[m[Kâ€™?
   39 |     rclcpp::spin(std::[01;31m[Kmake_shard[m[K<KeyboardPublisher>())
      |                       [01;31m[K^~~~~~~~~~[m[K
      |                       [32m[Kmake_shared[m[K
[01m[K/home/yumjunstar/Desktop/YJW/RoboticsProgram/Project/LostChildProject-ROS2_SLAM_Toolbox-Yolov8/src/keyboard_control/src/keyboard_control.cpp:39:51:[m[K [01;31m[Kerror: [m[Kexpected primary-expression before â€˜[01m[K>[m[Kâ€™ token
   39 |     rclcpp::spin(std::make_shard<KeyboardPublisher[01;31m[K>[m[K())
      |                                                   [01;31m[K^[m[K
[01m[K/home/yumjunstar/Desktop/YJW/RoboticsProgram/Project/LostChildProject-ROS2_SLAM_Toolbox-Yolov8/src/keyboard_control/src/keyboard_control.cpp:39:53:[m[K [01;31m[Kerror: [m[Kexpected primary-expression before â€˜[01m[K)[m[Kâ€™ token
   39 |     rclcpp::spin(std::make_shard<KeyboardPublisher>([01;31m[K)[m[K)
      |                                                     [01;31m[K^[m[K
make[2]: *** [CMakeFiles/keyboard_publisher.dir/build.make:76: CMakeFiles/keyboard_publisher.dir/src/keyboard_control.cpp.o] Error 1
make[1]: *** [CMakeFiles/Makefile2:137: CMakeFiles/keyboard_publisher.dir/all] Error 2
make: *** [Makefile:146: all] Error 2
